<?xml version="1.0" encoding="UTF-8"?>
<!-- Generated by org.testng.reporters.JUnitReportReporter -->
<testsuite skipped="0" hostname="AGI-LT-1606" name="com.sam.b3.AutoMavenProject.TestDemo5_1" tests="1" failures="0" timestamp="07 Oct 2021 07:20:14 GMT" time="8.737" errors="0">
  <testcase name="OpenApp" time="8.737" classname="com.sam.b3.AutoMavenProject.TestDemo5_1"/>
</testsuite> <!-- com.sam.b3.AutoMavenProject.TestDemo5_1 -->
