<?xml version="1.0" encoding="UTF-8"?>
<!-- Generated by org.testng.reporters.JUnitReportReporter -->
<testsuite skipped="0" hostname="AGI-LT-1606" name="com.sam.b3.AutoMavenProject.TestNGDemo3" tests="1" failures="0" timestamp="07 Oct 2021 06:47:32 GMT" time="6.900" errors="0">
  <testcase name="OpenApp" time="6.900" classname="com.sam.b3.AutoMavenProject.TestNGDemo3"/>
</testsuite> <!-- com.sam.b3.AutoMavenProject.TestNGDemo3 -->
