<?xml version="1.0" encoding="UTF-8"?>
<!-- Generated by org.testng.reporters.JUnitReportReporter -->
<testsuite skipped="0" hostname="AGI-LT-1606" name="com.sam.b3.AutoMavenProject.Demo2" tests="1" failures="0" timestamp="07 Oct 2021 06:41:50 GMT" time="4.436" errors="0">
  <testcase name="Google" time="4.436" classname="com.sam.b3.AutoMavenProject.Demo2"/>
</testsuite> <!-- com.sam.b3.AutoMavenProject.Demo2 -->
