<?xml version="1.0" encoding="UTF-8"?>
<!-- Generated by org.testng.reporters.JUnitReportReporter -->
<testsuite skipped="0" hostname="AGI-LT-1606" name="com.sam.b3.AutoMavenProject.TestNGDemo2" tests="2" failures="0" timestamp="07 Oct 2021 06:41:50 GMT" time="9.284" errors="0">
  <testcase name="OpenApp" time="4.525" classname="com.sam.b3.AutoMavenProject.TestNGDemo2"/>
  <testcase name="CloseApp" time="4.759" classname="com.sam.b3.AutoMavenProject.TestNGDemo2"/>
</testsuite> <!-- com.sam.b3.AutoMavenProject.TestNGDemo2 -->
